<?xml version="1.0" encoding="UTF-8"?>
<testsuite name="(empty)"
	tests="1"
	failures="0"
	disabled="0"
	skipped="0"
	hostname=""
	time="0"
	timestamp="2026-08-11T08:50:01"
	>
	<testcase name="NativeControllerIntegrationTests" classname="NativeControllerIntegrationTests" time="0.0968929" status="run">
		<properties/>
		<system-out>[CenteredMotionAuthority] trigger=1 retained_motion_axes=2 centered_output=(0.08,-0.06) idle_counterfactual=1
[TargetPipelineIntegrationTests] PASS
</system-out>
	</testcase>
</testsuite>
