<?xml version="1.0" encoding="UTF-8"?>
<testsuite name="(empty)"
	tests="1"
	failures="1"
	disabled="0"
	skipped="0"
	hostname=""
	time="0"
	timestamp="2026-08-11T08:47:23"
	>
	<testcase name="NativeControllerIntegrationTests" classname="NativeControllerIntegrationTests" time="0.0989079" status="fail">
		<failure message="Failed"/>
		<properties/>
		<system-out>[TargetPipelineIntegrationTests][FAIL] centered-motion continuity failed: trigger=1 retained_motion_axes=0 centered_output=(0.000000,0.000000) passthrough=(1,1) idle_counterfactual=1
</system-out>
	</testcase>
</testsuite>
